<?xml version="1.0" encoding="UTF-8"?>
<!-- Generated by org.testng.reporters.JUnitReportReporter -->
<testsuite hostname="DESKTOP-ACEQNIB" failures="0" tests="1" name="util.BrowserFactory" time="3.927" errors="0" timestamp="2024-07-26T15:22:35 CDT" skipped="0">
  <testcase classname="util.BrowserFactory" name="init" time="3.927"/>
  <system-out/>
</testsuite> <!-- util.BrowserFactory -->
