<?xml version="1.0" encoding="UTF-8"?>
<!-- Generated by org.testng.reporters.JUnitReportReporter -->
<testsuite hostname="DESKTOP-ACEQNIB" failures="0" tests="1" name="test.LoginTest" time="18.990" errors="0" timestamp="2024-07-26T19:00:28 CDT" skipped="0">
  <testcase classname="test.LoginTest" name="validUserShouldBeAbleToLogin" time="18.990"/>
  <system-out/>
</testsuite> <!-- test.LoginTest -->
