<?xml version="1.0" encoding="UTF-8"?>
<!-- Generated by org.testng.reporters.JUnitReportReporter -->
<testsuite hostname="DESKTOP-ACEQNIB" failures="0" tests="1" name="test.AddCustomerTest" time="44.809" errors="0" timestamp="2024-07-26T20:05:45 CDT" skipped="0">
  <testcase classname="test.AddCustomerTest" name="userShouldBeAbleToAddCustomer" time="44.809"/>
  <system-out/>
</testsuite> <!-- test.AddCustomerTest -->
